This is pdfTeX, Version 3.1415926-2.5-1.40.14 (TeX Live 2013) (format=pdflatex 2013.5.30)  19 DEC 2014 17:57
entering extended mode
 \write18 enabled.
 file:line:error style messages enabled.
 %&-line parsing enabled.
**qf_env_apj.tex
(./qf_env_apj.tex
LaTeX2e <2011/06/27>
Babel <3.9f> and hyphenation patterns for 78 languages loaded.
(/usr/local/texlive/2013/texmf-dist/tex/latex/aastex/aastex.cls
Document Class: aastex 2005/06/22 5.2/AAS markup document class
Class aastex Info: Original \LaTeX2.09 style by Chris Biemesderfer (chris@seago
at.com). Adapted to \LaTeXe by A. Ogawa (ogawa@teleport.com) on input line 83.
(/usr/local/texlive/2013/texmf-dist/tex/latex/base/article.cls
Document Class: article 2007/10/19 v1.4h Standard LaTeX document class
(/usr/local/texlive/2013/texmf-dist/tex/latex/base/size12.clo
File: size12.clo 2007/10/19 v1.4h Standard LaTeX file (size option)
)
\c@part=\count79
\c@section=\count80
\c@subsection=\count81
\c@subsubsection=\count82
\c@paragraph=\count83
\c@subparagraph=\count84
\c@figure=\count85
\c@table=\count86
\abovecaptionskip=\skip41
\belowcaptionskip=\skip42
\bibindent=\dimen102
)
(/usr/local/texlive/2013/texmf-dist/tex/latex/base/latexsym.sty
Package: latexsym 1998/08/17 v2.2e Standard LaTeX package (lasy symbols)
\symlasy=\mathgroup4
LaTeX Font Info:    Overwriting symbol font `lasy' in version `bold'
(Font)                  U/lasy/m/n --> U/lasy/b/n on input line 47.
)
(/usr/local/texlive/2013/texmf-dist/tex/latex/graphics/graphicx.sty
Package: graphicx 1999/02/16 v1.0f Enhanced LaTeX Graphics (DPC,SPQR)

(/usr/local/texlive/2013/texmf-dist/tex/latex/graphics/keyval.sty
Package: keyval 1999/03/16 v1.13 key=value parser (DPC)
\KV@toks@=\toks14
)
(/usr/local/texlive/2013/texmf-dist/tex/latex/graphics/graphics.sty
Package: graphics 2009/02/05 v1.0o Standard LaTeX Graphics (DPC,SPQR)

(/usr/local/texlive/2013/texmf-dist/tex/latex/graphics/trig.sty
Package: trig 1999/03/16 v1.09 sin cos tan (DPC)
)
(/usr/local/texlive/2013/texmf-dist/tex/latex/latexconfig/graphics.cfg
File: graphics.cfg 2010/04/23 v1.9 graphics configuration of TeX Live
)
Package graphics Info: Driver file: pdftex.def on input line 91.

(/usr/local/texlive/2013/texmf-dist/tex/latex/pdftex-def/pdftex.def
File: pdftex.def 2011/05/27 v0.06d Graphics/color for pdfTeX

(/usr/local/texlive/2013/texmf-dist/tex/generic/oberdiek/infwarerr.sty
Package: infwarerr 2010/04/08 v1.3 Providing info/warning/error messages (HO)
)
(/usr/local/texlive/2013/texmf-dist/tex/generic/oberdiek/ltxcmds.sty
Package: ltxcmds 2011/11/09 v1.22 LaTeX kernel commands for general use (HO)
)
\Gread@gobject=\count87
))
\Gin@req@height=\dimen103
\Gin@req@width=\dimen104
)
(/usr/local/texlive/2013/texmf-dist/tex/latex/amsfonts/amssymb.sty
Package: amssymb 2013/01/14 v3.01 AMS font symbols

(/usr/local/texlive/2013/texmf-dist/tex/latex/amsfonts/amsfonts.sty
Package: amsfonts 2013/01/14 v3.01 Basic AMSFonts support
\@emptytoks=\toks15
\symAMSa=\mathgroup5
\symAMSb=\mathgroup6
LaTeX Font Info:    Overwriting math alphabet `\mathfrak' in version `bold'
(Font)                  U/euf/m/n --> U/euf/b/n on input line 106.
))
(/usr/local/texlive/2013/texmf-dist/tex/latex/natbib/natbib.sty
Package: natbib 2010/09/13 8.31b (PWD, AO)
\bibhang=\skip43
\bibsep=\skip44
LaTeX Info: Redefining \cite on input line 694.
\c@NAT@ctr=\count88
)
(/usr/local/texlive/2013/texmf-dist/tex/latex/tools/verbatim.sty
Package: verbatim 2003/08/22 v1.5q LaTeX2e package for verbatim enhancements
\every@verbatim=\toks16
\verbatim@line=\toks17
\verbatim@in@stream=\read1
)
\@slugcmmntwidth=\dimen105
\abstract@box=\box26
\c@editornote=\count89
\c@cureqno=\count90
\tnotemarkskip=\skip45
\@abovenoteskip=\dimen106
\pt@box=\box27
\pt@width=\dimen107
\pt@line=\count91
\pt@column=\count92
\pt@nlines=\count93
\pt@ncol=\count94
\pt@page=\count95
\tabbaseskip=\dimen108
\pt@tmpcapwidth=\dimen109
\spew@tblnotesbox=\box28
\restof@tblnotesbox=\box29
\noteheight=\dimen110
\pt@tabnoteminht=\dimen111
\firsttabskip=\dimen112
\captionbox=\box30
\pt@reduceline=\dimen113
\extra@vspace=\dimen114
\c@plate=\count96
\my@footins=\box31
)
(/usr/local/texlive/2013/texmf-dist/tex/latex/graphics/epsfig.sty
Package: epsfig 1999/02/16 v1.7a (e)psfig emulation (SPQR)
\epsfxsize=\dimen115
\epsfysize=\dimen116
)
(/usr/local/texlive/2013/texmf-dist/tex/latex/rotating/rotating.sty
Package: rotating 2009/03/28 v2.16a rotated objects in LaTeX

(/usr/local/texlive/2013/texmf-dist/tex/latex/base/ifthen.sty
Package: ifthen 2001/05/26 v1.1c Standard LaTeX ifthen package (DPC)
)
\c@r@tfl@t=\count97
\rotFPtop=\skip46
\rotFPbot=\skip47
\rot@float@box=\box32
\rot@mess@toks=\toks18
)
(/usr/local/texlive/2013/texmf-dist/tex/latex/amsmath/amsmath.sty
Package: amsmath 2013/01/14 v2.14 AMS math features
\@mathmargin=\skip48

For additional information on amsmath, use the `?' option.
(/usr/local/texlive/2013/texmf-dist/tex/latex/amsmath/amstext.sty
Package: amstext 2000/06/29 v2.01

(/usr/local/texlive/2013/texmf-dist/tex/latex/amsmath/amsgen.sty
File: amsgen.sty 1999/11/30 v2.0
\@emptytoks=\toks19
\ex@=\dimen117
))
(/usr/local/texlive/2013/texmf-dist/tex/latex/amsmath/amsbsy.sty
Package: amsbsy 1999/11/29 v1.2d
\pmbraise@=\dimen118
)
(/usr/local/texlive/2013/texmf-dist/tex/latex/amsmath/amsopn.sty
Package: amsopn 1999/12/14 v2.01 operator names
)
\inf@bad=\count98
LaTeX Info: Redefining \frac on input line 210.
\uproot@=\count99
\leftroot@=\count100
LaTeX Info: Redefining \overline on input line 306.
\classnum@=\count101
\DOTSCASE@=\count102
LaTeX Info: Redefining \ldots on input line 378.
LaTeX Info: Redefining \dots on input line 381.
LaTeX Info: Redefining \cdots on input line 466.
\Mathstrutbox@=\box33
\strutbox@=\box34
\big@size=\dimen119
LaTeX Font Info:    Redeclaring font encoding OML on input line 566.
LaTeX Font Info:    Redeclaring font encoding OMS on input line 567.
\macc@depth=\count103
\c@MaxMatrixCols=\count104
\dotsspace@=\muskip10
\c@parentequation=\count105
\dspbrk@lvl=\count106
\tag@help=\toks20
\row@=\count107
\column@=\count108
\maxfields@=\count109
\andhelp@=\toks21
\eqnshift@=\dimen120
\alignsep@=\dimen121
\tagshift@=\dimen122
\tagwidth@=\dimen123
\totwidth@=\dimen124
\lineht@=\dimen125
\@envbody=\toks22
\multlinegap=\skip49
\multlinetaggap=\skip50
\mathdisplay@stack=\toks23
LaTeX Info: Redefining \[ on input line 2665.
LaTeX Info: Redefining \] on input line 2666.
)
(/usr/local/texlive/2013/texmf-dist/tex/latex/mdwtools/footnote.sty
Package: footnote 1997/01/28 1.13 Save footnotes around boxes
\fn@notes=\box35
\fn@width=\dimen126
)
(/usr/local/texlive/2013/texmf-dist/tex/latex/psnfss/courier.sty
Package: courier 2005/04/12 PSNFSS-v9.2a (WaS) 
)
No file qf_env_apj.aux.
\openout1 = `qf_env_apj.aux'.

LaTeX Font Info:    Checking defaults for OML/cmm/m/it on input line 21.
LaTeX Font Info:    ... okay on input line 21.
LaTeX Font Info:    Checking defaults for T1/cmr/m/n on input line 21.
LaTeX Font Info:    ... okay on input line 21.
LaTeX Font Info:    Checking defaults for OT1/cmr/m/n on input line 21.
LaTeX Font Info:    ... okay on input line 21.
LaTeX Font Info:    Checking defaults for OMS/cmsy/m/n on input line 21.
LaTeX Font Info:    ... okay on input line 21.
LaTeX Font Info:    Checking defaults for OMX/cmex/m/n on input line 21.
LaTeX Font Info:    ... okay on input line 21.
LaTeX Font Info:    Checking defaults for U/cmr/m/n on input line 21.
LaTeX Font Info:    ... okay on input line 21.
(/usr/local/texlive/2013/texmf-dist/tex/context/base/supp-pdf.mkii
[Loading MPS to PDF converter (version 2006.09.02).]
\scratchcounter=\count110
\scratchdimen=\dimen127
\scratchbox=\box36
\nofMPsegments=\count111
\nofMParguments=\count112
\everyMPshowfont=\toks24
\MPscratchCnt=\count113
\MPscratchDim=\dimen128
\MPnumerator=\count114
\makeMPintoPDFobject=\count115
\everyMPtoPDFconversion=\toks25
) (/usr/local/texlive/2013/texmf-dist/tex/generic/oberdiek/pdftexcmds.sty
Package: pdftexcmds 2011/11/29 v0.20 Utility functions of pdfTeX for LuaTeX (HO
)

(/usr/local/texlive/2013/texmf-dist/tex/generic/oberdiek/ifluatex.sty
Package: ifluatex 2010/03/01 v1.3 Provides the ifluatex switch (HO)
Package ifluatex Info: LuaTeX not detected.
)
(/usr/local/texlive/2013/texmf-dist/tex/generic/oberdiek/ifpdf.sty
Package: ifpdf 2011/01/30 v2.3 Provides the ifpdf switch (HO)
Package ifpdf Info: pdfTeX in PDF mode is detected.
)
Package pdftexcmds Info: LuaTeX not detected.
Package pdftexcmds Info: \pdf@primitive is available.
Package pdftexcmds Info: \pdf@ifprimitive is available.
Package pdftexcmds Info: \pdfdraftmode found.
)
(/usr/local/texlive/2013/texmf-dist/tex/latex/oberdiek/epstopdf-base.sty
Package: epstopdf-base 2010/02/09 v2.5 Base part for package epstopdf

(/usr/local/texlive/2013/texmf-dist/tex/latex/oberdiek/grfext.sty
Package: grfext 2010/08/19 v1.1 Manage graphics extensions (HO)

(/usr/local/texlive/2013/texmf-dist/tex/generic/oberdiek/kvdefinekeys.sty
Package: kvdefinekeys 2011/04/07 v1.3 Define keys (HO)
))
(/usr/local/texlive/2013/texmf-dist/tex/latex/oberdiek/kvoptions.sty
Package: kvoptions 2011/06/30 v3.11 Key value format for package options (HO)

(/usr/local/texlive/2013/texmf-dist/tex/generic/oberdiek/kvsetkeys.sty
Package: kvsetkeys 2012/04/25 v1.16 Key value parser (HO)

(/usr/local/texlive/2013/texmf-dist/tex/generic/oberdiek/etexcmds.sty
Package: etexcmds 2011/02/16 v1.5 Avoid name clashes with e-TeX commands (HO)
Package etexcmds Info: Could not find \expanded.
(etexcmds)             That can mean that you are not using pdfTeX 1.50 or
(etexcmds)             that some package has redefined \expanded.
(etexcmds)             In the latter case, load this package earlier.
)))
Package grfext Info: Graphics extension search list:
(grfext)             [.png,.pdf,.jpg,.mps,.jpeg,.jbig2,.jb2,.PNG,.PDF,.JPG,.JPE
G,.JBIG2,.JB2,.eps]
(grfext)             \AppendGraphicsExtensions on input line 452.

(/usr/local/texlive/2013/texmf-dist/tex/latex/latexconfig/epstopdf-sys.cfg
File: epstopdf-sys.cfg 2010/07/13 v1.3 Configuration of (r)epstopdf for TeX Liv
e
))
AAS manuscript substyle, v5.2 <12 Dec 2003>.
LaTeX Font Info:    Try loading font information for U+lasy on input line 47.
(/usr/local/texlive/2013/texmf-dist/tex/latex/base/ulasy.fd
File: ulasy.fd 1998/08/17 v2.2e LaTeX symbol font definitions
)
LaTeX Font Info:    Try loading font information for U+msa on input line 47.

(/usr/local/texlive/2013/texmf-dist/tex/latex/amsfonts/umsa.fd
File: umsa.fd 2013/01/14 v3.01 AMS symbols A
)
LaTeX Font Info:    Try loading font information for U+msb on input line 47.

(/usr/local/texlive/2013/texmf-dist/tex/latex/amsfonts/umsb.fd
File: umsb.fd 2013/01/14 v3.01 AMS symbols B
) [1

{/usr/local/texlive/2013/texmf-var/fonts/map/pdftex/updmap/pdftex.map}]

Package natbib Warning: Citation `hubble36a' on page 2 undefined on input line 
76.


Package natbib Warning: Citation `oemler74a' on page 2 undefined on input line 
76.


Package natbib Warning: Citation `dressler80a' on page 2 undefined on input lin
e 76.


Package natbib Warning: Citation `hermit96a' on page 2 undefined on input line 
76.


Package natbib Warning: Citation `guzzo97a' on page 2 undefined on input line 7
6.


Package natbib Warning: Citation `blanton09a' on page 2 undefined on input line
 76.


Package natbib Warning: Citation `geha12a' on page 2 undefined on input line 76
.


Package natbib Warning: Citation `dressler84a' on page 2 undefined on input lin
e 76.


Package natbib Warning: Citation `Fasano:2000aa' on page 2 undefined on input l
ine 76.


Package natbib Warning: Citation `Smith:2005aa' on page 2 undefined on input li
ne 76.


Package natbib Warning: Citation `desai07a' on page 2 undefined on input line 7
6.

[2

]

Package natbib Warning: Citation `hopkins06a' on page 3 undefined on input line
 80.


Package natbib Warning: Citation `Noeske:2007aa' on page 3 undefined on input l
ine 80.


Package natbib Warning: Citation `bell05a' on page 3 undefined on input line 80
.


Package natbib Warning: Citation `magnelli09a' on page 3 undefined on input lin
e 80.


Package natbib Warning: Citation `cooper08a' on page 3 undefined on input line 
80.


Package natbib Warning: Citation `bundy06a' on page 3 undefined on input line 8
2.


Package natbib Warning: Citation `borch06a' on page 3 undefined on input line 8
2.


Package natbib Warning: Citation `taylor09a' on page 3 undefined on input line 
82.


Package natbib Warning: Citation `Moustakas:2013aa' on page 3 undefined on inpu
t line 82.


Package natbib Warning: Citation `Blanton:2006aa' on page 3 undefined on input 
line 82.


Package natbib Warning: Citation `bundy06a' on page 3 undefined on input line 8
2.


Package natbib Warning: Citation `borch06a' on page 3 undefined on input line 8
2.


Package natbib Warning: Citation `Moustakas:2013aa' on page 3 undefined on inpu
t line 82.


Package natbib Warning: Citation `Moustakas:2013aa' on page 3 undefined on inpu
t line 82.


Package natbib Warning: Citation `Bell:2004aa' on page 3 undefined on input lin
e 82.


Package natbib Warning: Citation `borch06a' on page 3 undefined on input line 8
2.


Package natbib Warning: Citation `Faber:2007aa' on page 3 undefined on input li
ne 82.

[3]

Package natbib Warning: Citation `Keres:2005aa' on page 4 undefined on input li
ne 84.


Package natbib Warning: Citation `Croton:2006aa' on page 4 undefined on input l
ine 84.


Package natbib Warning: Citation `Dekel:2008aa' on page 4 undefined on input li
ne 84.


Package natbib Warning: Citation `Gunn:1972aa' on page 4 undefined on input lin
e 84.


Package natbib Warning: Citation `Bekki:2009aa' on page 4 undefined on input li
ne 84.


Package natbib Warning: Citation `Larson:1980aa' on page 4 undefined on input l
ine 84.


Package natbib Warning: Citation `Balogh:2000aa' on page 4 undefined on input l
ine 84.


Package natbib Warning: Citation `Moore:1998aa' on page 4 undefined on input li
ne 84.


Package natbib Warning: Citation `Weinmann:2006aa' on page 4 undefined on input
 line 86.


Package natbib Warning: Citation `Peng:2010aa' on page 4 undefined on input lin
e 86.


Package natbib Warning: Citation `blanton09a' on page 4 undefined on input line
 86.


Package natbib Warning: Citation `Coil:2011aa' on page 4 undefined on input lin
e 109.


Package natbib Warning: Citation `Cool:2013aa' on page 4 undefined on input lin
e 110.

[4]

LaTeX Warning: Reference `sec:sample' on page 5 undefined on input line 113.


LaTeX Warning: Reference `sec:smf' on page 5 undefined on input line 118.


LaTeX Warning: Reference `sec:qf_const' on page 5 undefined on input line 119.


LaTeX Warning: Reference `sec:summary' on page 5 undefined on input line 123.


Package natbib Warning: Citation `York:2000aa' on page 5 undefined on input lin
e 135.


LaTeX Warning: Reference `sec:primus' on page 5 undefined on input line 137.


LaTeX Warning: Reference `sec:sdss' on page 5 undefined on input line 137.


LaTeX Warning: Reference `sec:target' on page 5 undefined on input line 139.


LaTeX Warning: Reference `sec:sfq' on page 5 undefined on input line 140.


LaTeX Warning: Reference `sec:environment' on page 5 undefined on input line 14
3.


LaTeX Warning: Reference `sec:edgeeffect' on page 5 undefined on input line 143
.

[5]
Plotone included the file fig_edp_sdss_z0_05_0_12_primus_z0_2_1_0_Mr_redshift.p
ng

LaTeX Warning: File `fig_edp_sdss_z0_05_0_12_primus_z0_2_1_0_Mr_redshift.png' n
ot found on input line 150.


./qf_env_apj.tex:150: Package pdftex.def Error: File `fig_edp_sdss_z0_05_0_12_p
rimus_z0_2_1_0_Mr_redshift.png' not found.

See the pdftex.def package documentation for explanation.
Type  H <return>  for immediate help.
 ...                                              
                                                  
l.150 ..._05_0_12_primus_z0_2_1_0_Mr_redshift.png}
                                                  
? 
LaTeX Font Info:    Try loading font information for OT1+pcr on input line 150.

(/usr/local/texlive/2013/texmf-dist/tex/latex/psnfss/ot1pcr.fd
File: ot1pcr.fd 2001/06/04 font definitions for OT1/pcr.
)
Overfull \hbox (93.94955pt too wide) in paragraph at lines 148--151
 [] 
 []


LaTeX Warning: Reference `sec:target' on page 6 undefined on input line 151.


LaTeX Warning: Reference `sec:environment' on page 6 undefined on input line 15
1.


LaTeX Warning: Float too large for page by 192.926pt on input line 153.


Package natbib Warning: Citation `Coil:2011aa' on page 6 undefined on input lin
e 162.


Package natbib Warning: Citation `Cool:2013aa' on page 6 undefined on input lin
e 162.


Package natbib Warning: Citation `Moustakas:2013aa' on page 6 undefined on inpu
t line 164.


Package natbib Warning: Citation `Martin:2005aa' on page 6 undefined on input l
ine 164.


Package natbib Warning: Citation `Morrissey:2005aa' on page 6 undefined on inpu
t line 164.


Package natbib Warning: Citation `Moustakas:2013aa' on page 6 undefined on inpu
t line 164.


Package natbib Warning: Citation `Blanton:2007aa' on page 6 undefined on input 
line 164.

[6] [7]

Package natbib Warning: Citation `Moustakas:2013aa' on page 8 undefined on inpu
t line 166.


Package natbib Warning: Citation `Conroy:2010aa' on page 8 undefined on input l
ine 166.


Package natbib Warning: Citation `Chabrier:2003aa' on page 8 undefined on input
 line 166.


Package natbib Warning: Citation `Moustakas:2013aa' on page 8 undefined on inpu
t line 166.


Package natbib Warning: Citation `Abazajian:2009aa' on page 8 undefined on inpu
t line 172.


Package natbib Warning: Citation `Blanton:2005aa' on page 8 undefined on input 
line 172.

[8]

Package natbib Warning: Citation `Jarrett:2000aa' on page 9 undefined on input 
line 174.


Package natbib Warning: Citation `Moustakas:2013aa' on page 9 undefined on inpu
t line 174.


LaTeX Warning: Reference `sec:primus' on page 9 undefined on input line 174.


Package natbib Warning: Citation `West:2005aa' on page 9 undefined on input lin
e 182.


Package natbib Warning: Citation `Blanton:2005ab' on page 9 undefined on input 
line 182.


Package natbib Warning: Citation `Lauer:2007aa' on page 9 undefined on input li
ne 182.


Package natbib Warning: Citation `Bernardi:2007aa' on page 9 undefined on input
 line 182.


Package natbib Warning: Citation `Hyde:2009aa' on page 9 undefined on input lin
e 182.


Package natbib Warning: Citation `West:2010aa' on page 9 undefined on input lin
e 182.


Package natbib Warning: Citation `Blanton:2011aa' on page 9 undefined on input 
line 188.

[9]
Overfull \hbox (11.61057pt too wide) in paragraph at lines 211--229
 [] 
 []


LaTeX Warning: Reference `sec:sample' on page 10 undefined on input line 232.


Package natbib Warning: Citation `Moustakas:2013aa' on page 10 undefined on inp
ut line 240.


Package natbib Warning: Citation `Coil:2011aa' on page 10 undefined on input li
ne 242.


Package natbib Warning: Citation `Moustakas:2013aa' on page 10 undefined on inp
ut line 243.


Package natbib Warning: Citation `Coil:2011aa' on page 10 undefined on input li
ne 253.


Package natbib Warning: Citation `Cool:2013aa' on page 10 undefined on input li
ne 253.


Package natbib Warning: Citation `Moustakas:2013aa' on page 10 undefined on inp
ut line 257.

[10] [11]

Package natbib Warning: Citation `Moustakas:2013aa' on page 12 undefined on inp
ut line 262.


Package natbib Warning: Citation `Pozzetti:2010aa' on page 12 undefined on inpu
t line 262.


LaTeX Warning: Reference `sec:environment' on page 12 undefined on input line 2
64.


Package natbib Warning: Citation `Blanton:2005ab' on page 12 undefined on input
 line 264.


Package natbib Warning: Citation `Baldry:2008aa' on page 12 undefined on input 
line 264.


Package natbib Warning: Citation `Moustakas:2013aa' on page 12 undefined on inp
ut line 264.

[12]

Package natbib Warning: Citation `Moustakas:2013aa' on page 13 undefined on inp
ut line 285.


Package natbib Warning: Citation `Noeske:2007aa' on page 13 undefined on input 
line 285.


Package natbib Warning: Citation `Williams:2009aa' on page 13 undefined on inpu
t line 285.


Package natbib Warning: Citation `Karim:2011aa' on page 13 undefined on input l
ine 285.


Package natbib Warning: Citation `Salim:2007aa' on page 13 undefined on input l
ine 285.


Package natbib Warning: Citation `Moustakas:2013aa' on page 13 undefined on inp
ut line 285.


LaTeX Warning: Reference `eq:qsfclass' on page 13 undefined on input line 289.


Package natbib Warning: Citation `Moustakas:2013aa' on page 13 undefined on inp
ut line 289.


LaTeX Warning: File `fig_envcount_cylr2_5h35_thresh75_sdss_z0_05_0_12_primus_z0
_2_1_0_lowenv0_5_highenv3_0_primuszerr_masslimit_edgecut_histogram.png' not fou
nd on input line 296.


./qf_env_apj.tex:296: Package pdftex.def Error: File `fig_envcount_cylr2_5h35_t
hresh75_sdss_z0_05_0_12_primus_z0_2_1_0_lowenv0_5_highenv3_0_primuszerr_masslim
it_edgecut_histogram.png' not found.

See the pdftex.def package documentation for explanation.
Type  H <return>  for immediate help.
 ...                                              
                                                  
l.296 ...ecut_histogram.png, width=0.45\textwidth}
                                                  
? 

Package natbib Warning: Citation `Muldrew:2012aa' on page 13 undefined on input
 line 303.


Package natbib Warning: Citation `Skibba:2013aa' on page 13 undefined on input 
line 303.

[13] [14]

Package natbib Warning: Citation `Cooper:2005aa' on page 15 undefined on input 
line 311.


Package natbib Warning: Citation `Gallazzi:2009aa' on page 15 undefined on inpu
t line 311.


Package natbib Warning: Citation `Blanton:2006aa' on page 15 undefined on input
 line 317.


Package natbib Warning: Citation `Wilman:2010aa' on page 15 undefined on input 
line 317.


Package natbib Warning: Citation `Muldrew:2012aa' on page 15 undefined on input
 line 317.


Package natbib Warning: Citation `Behroozi:2013aa' on page 15 undefined on inpu
t line 343.


Package natbib Warning: Citation `Leja:2013aa' on page 15 undefined on input li
ne 343.


LaTeX Warning: Reference `sec:target' on page 15 undefined on input line 348.

[15]

LaTeX Warning: Reference `sec:sdss' on page 16 undefined on input line 352.


LaTeX Warning: Reference `fig:targetEDP' on page 16 undefined on input line 364
.


LaTeX Warning: Reference `fig:targetEDP' on page 16 undefined on input line 366
.


LaTeX Warning: Reference `sec:target' on page 16 undefined on input line 370.


LaTeX Warning: Reference `sec:target' on page 16 undefined on input line 370.

[16]

LaTeX Warning: Reference `sec:env_qf_evol' on page 17 undefined on input line 3
85.

[17]

Package natbib Warning: Citation `Swanson:2008aa' on page 18 undefined on input
 line 402.


LaTeX Warning: Reference `sec:environment' on page 18 undefined on input line 4
02.


LaTeX Warning: Reference `fig:envcount' on page 18 undefined on input line 408.


[18]

LaTeX Warning: File `fig_smf_cylr2_50000h35_thresh75_bin0_20_sdss_z0_05_0_12_pr
imus_z0_2_1_0_2envbin_lowenv0_5_highenv3_0_lit_primuszerr.eps' not found on inp
ut line 414.

Package epstopdf Info: Source file: <fig_smf_cylr2_50000h35_thresh75_bin0_20_sd
ss_z0_05_0_12_primus_z0_2_1_0_2envbin_lowenv0_5_highenv3_0_lit_primuszerr.eps>
(epstopdf)             Output file: <fig_smf_cylr2_50000h35_thresh75_bin0_20_sd
ss_z0_05_0_12_primus_z0_2_1_0_2envbin_lowenv0_5_highenv3_0_lit_primuszerr-eps-c
onverted-to.pdf>
(epstopdf)             Command: <epstopdf --outfile=fig_smf_cylr2_50000h35_thre
sh75_bin0_20_sdss_z0_05_0_12_primus_z0_2_1_0_2envbin_lowenv0_5_highenv3_0_lit_p
rimuszerr-eps-converted-to.pdf fig_smf_cylr2_50000h35_thresh75_bin0_20_sdss_z0_
05_0_12_primus_z0_2_1_0_2envbin_lowenv0_5_highenv3_0_lit_primuszerr.eps>
(epstopdf)             \includegraphics on input line 414.
Package epstopdf Info: Output file is already uptodate.

./qf_env_apj.tex:414: Package pdftex.def Error: File `fig_smf_cylr2_50000h35_th
resh75_bin0_20_sdss_z0_05_0_12_primus_z0_2_1_0_2envbin_lowenv0_5_highenv3_0_lit
_primuszerr-eps-converted-to.pdf' not found.

See the pdftex.def package documentation for explanation.
Type  H <return>  for immediate help.
 ...                                              
                                                  
l.414 ...zerr.eps, height=0.75\textwidth,angle=90}
                                                  
? 

LaTeX Warning: Reference `sec:smfcalc' on page 19 undefined on input line 432.


LaTeX Warning: Reference `sec:smfevol' on page 19 undefined on input line 432.


Package natbib Warning: Citation `Moustakas:2013aa' on page 19 undefined on inp
ut line 437.


Package natbib Warning: Citation `Johnston:2011aa' on page 19 undefined on inpu
t line 437.

[19] [20]

Package natbib Warning: Citation `Moustakas:2013aa' on page 21 undefined on inp
ut line 444.


LaTeX Warning: Reference `sec:edgeeffect' on page 21 undefined on input line 44
4.


LaTeX Warning: Reference `sec:edgeeffect' on page 21 undefined on input line 44
8.


LaTeX Warning: Reference `sec:edgeeffect' on page 21 undefined on input line 45
7.


LaTeX Warning: Reference `sec:edgeeffect' on page 21 undefined on input line 46
2.


LaTeX Warning: Reference `sec:edgeeffect' on page 21 undefined on input line 46
4.


Package natbib Warning: Citation `Moustakas:2013aa' on page 21 undefined on inp
ut line 470.


Package natbib Warning: Citation `Moustakas:2013aa' on page 21 undefined on inp
ut line 474.

[21]

LaTeX Warning: Reference `fig:smf' on page 22 undefined on input line 481.


LaTeX Warning: Reference `sec:smfcalc' on page 22 undefined on input line 481.


LaTeX Warning: File `fig_qf_cylr2_50000h35_thresh75_bin0_20_sdss_z0_05_0_12_pri
mus_z0_2_1_0_lowenv0_5_highenv3_0_lit_primuszerr.eps' not found on input line 4
92.

Package epstopdf Info: Source file: <fig_qf_cylr2_50000h35_thresh75_bin0_20_sds
s_z0_05_0_12_primus_z0_2_1_0_lowenv0_5_highenv3_0_lit_primuszerr.eps>
(epstopdf)             Output file: <fig_qf_cylr2_50000h35_thresh75_bin0_20_sds
s_z0_05_0_12_primus_z0_2_1_0_lowenv0_5_highenv3_0_lit_primuszerr-eps-converted-
to.pdf>
(epstopdf)             Command: <epstopdf --outfile=fig_qf_cylr2_50000h35_thres
h75_bin0_20_sdss_z0_05_0_12_primus_z0_2_1_0_lowenv0_5_highenv3_0_lit_primuszerr
-eps-converted-to.pdf fig_qf_cylr2_50000h35_thresh75_bin0_20_sdss_z0_05_0_12_pr
imus_z0_2_1_0_lowenv0_5_highenv3_0_lit_primuszerr.eps>
(epstopdf)             \includegraphics on input line 492.
Package epstopdf Info: Output file is already uptodate.

./qf_env_apj.tex:492: Package pdftex.def Error: File `fig_qf_cylr2_50000h35_thr
esh75_bin0_20_sdss_z0_05_0_12_primus_z0_2_1_0_lowenv0_5_highenv3_0_lit_primusze
rr-eps-converted-to.pdf' not found.

See the pdftex.def package documentation for explanation.
Type  H <return>  for immediate help.
 ...                                              
                                                  
l.492 ...zerr.eps, height=0.75\textwidth,angle=90}
                                                  
? 

LaTeX Warning: Reference `fig:smf' on page 22 undefined on input line 496.


LaTeX Warning: Reference `sec:qfevol' on page 22 undefined on input line 496.

[22]

Package natbib Warning: Citation `norberg02a' on page 23 undefined on input lin
e 533.


Package natbib Warning: Citation `zehavi02a' on page 23 undefined on input line
 533.


Package natbib Warning: Citation `Blanton:2005ab' on page 23 undefined on input
 line 533.


Package natbib Warning: Citation `bundy06a' on page 23 undefined on input line 
533.


Package natbib Warning: Citation `Scodeggio:2009aa' on page 23 undefined on inp
ut line 533.


Package natbib Warning: Citation `Bolzonella:2010aa' on page 23 undefined on in
put line 533.

[23] [24]

Package natbib Warning: Citation `Cooper:2010aa' on page 25 undefined on input 
line 556.


LaTeX Warning: Reference `sec:qfevol' on page 25 undefined on input line 559.


LaTeX Warning: Reference `sec:env_qf_evol' on page 25 undefined on input line 5
61.

[25]

LaTeX Warning: Reference `eq:phi' on page 26 undefined on input line 579.


LaTeX Warning: Reference `fig:qf' on page 26 undefined on input line 581.


LaTeX Warning: Reference `fig:smf' on page 26 undefined on input line 583.


LaTeX Warning: Reference `sec:smfcalc' on page 26 undefined on input line 587.


LaTeX Warning: Reference `fig:qf' on page 26 undefined on input line 589.


Package natbib Warning: Citation `blanton09a' on page 26 undefined on input lin
e 592.


Package natbib Warning: Citation `Butcher:1984aa' on page 26 undefined on input
 line 597.


Package natbib Warning: Citation `bundy06a' on page 26 undefined on input line 
606.


Package natbib Warning: Citation `Iovino:2010aa' on page 26 undefined on input 
line 609.

[26]

LaTeX Warning: File `fig_qffit_cylr2_50000h35_thresh75_bin0_20_sdss_z0_05_0_12_
primus_z0_2_1_0_lowenv0_5_highenv3_0_fidmasscomp11_0_10_5_lit_primuszerr.eps' n
ot found on input line 636.

Package epstopdf Info: Source file: <fig_qffit_cylr2_50000h35_thresh75_bin0_20_
sdss_z0_05_0_12_primus_z0_2_1_0_lowenv0_5_highenv3_0_fidmasscomp11_0_10_5_lit_p
rimuszerr.eps>
(epstopdf)             Output file: <fig_qffit_cylr2_50000h35_thresh75_bin0_20_
sdss_z0_05_0_12_primus_z0_2_1_0_lowenv0_5_highenv3_0_fidmasscomp11_0_10_5_lit_p
rimuszerr-eps-converted-to.pdf>
(epstopdf)             Command: <epstopdf --outfile=fig_qffit_cylr2_50000h35_th
resh75_bin0_20_sdss_z0_05_0_12_primus_z0_2_1_0_lowenv0_5_highenv3_0_fidmasscomp
11_0_10_5_lit_primuszerr-eps-converted-to.pdf fig_qffit_cylr2_50000h35_thresh75
_bin0_20_sdss_z0_05_0_12_primus_z0_2_1_0_lowenv0_5_highenv3_0_fidmasscomp11_0_1
0_5_lit_primuszerr.eps>
(epstopdf)             \includegraphics on input line 636.
Package epstopdf Info: Output file is already uptodate.

./qf_env_apj.tex:636: Package pdftex.def Error: File `fig_qffit_cylr2_50000h35_
thresh75_bin0_20_sdss_z0_05_0_12_primus_z0_2_1_0_lowenv0_5_highenv3_0_fidmassco
mp11_0_10_5_lit_primuszerr-eps-converted-to.pdf' not found.

See the pdftex.def package documentation for explanation.
Type  H <return>  for immediate help.
 ...                                              
                                                  
l.636 ...it_primuszerr.eps, height=0.45\textwidth}
                                                  
? 

LaTeX Warning: Reference `eq:qffit' on page 27 undefined on input line 645.


LaTeX Warning: Reference `eq:qffit' on page 27 undefined on input line 672.


LaTeX Warning: Reference `fig:qf' on page 27 undefined on input line 672.

[27] [28] [29]

Package natbib Warning: Citation `Markwardt:2009aa' on page 30 undefined on inp
ut line 683.


LaTeX Warning: Reference `fig:qffit' on page 30 undefined on input line 685.


LaTeX Warning: Reference `sec:qfevol' on page 30 undefined on input line 691.

[30]

LaTeX Warning: Reference `fig:qffit_comp' on page 31 undefined on input line 72
2.


LaTeX Warning: File `fig_qffit_cylr2_50000h35_thresh75_bin0_20_sdss_z0_05_0_12_
primus_z0_2_1_0_lowenv0_5_highenv3_0_fidmass10_5_lit_primuszerr_baldry_geha_iov
ino_kovac_peng_envthresh_kovacoffset.eps' not found on input line 760.

Package epstopdf Info: Source file: <fig_qffit_cylr2_50000h35_thresh75_bin0_20_
sdss_z0_05_0_12_primus_z0_2_1_0_lowenv0_5_highenv3_0_fidmass10_5_lit_primuszerr
_baldry_geha_iovino_kovac_peng_envthresh_kovacoffset.eps>
(epstopdf)             Output file: <fig_qffit_cylr2_50000h35_thresh75_bin0_20_
sdss_z0_05_0_12_primus_z0_2_1_0_lowenv0_5_highenv3_0_fidmass10_5_lit_primuszerr
_baldry_geha_iovino_kovac_peng_envthresh_kovacoffset-eps-converted-to.pdf>
(epstopdf)             Command: <epstopdf --outfile=fig_qffit_cylr2_50000h35_th
resh75_bin0_20_sdss_z0_05_0_12_primus_z0_2_1_0_lowenv0_5_highenv3_0_fidmass10_5
_lit_primuszerr_baldry_geha_iovino_kovac_peng_envthresh_kovacoffset-eps-convert
ed-to.pdf fig_qffit_cylr2_50000h35_thresh75_bin0_20_sdss_z0_05_0_12_primus_z0_2
_1_0_lowenv0_5_highenv3_0_fidmass10_5_lit_primuszerr_baldry_geha_iovino_kovac_p
eng_envthresh_kovacoffset.eps>
(epstopdf)             \includegraphics on input line 760.
Package epstopdf Info: Output file is already uptodate.

./qf_env_apj.tex:760: Package pdftex.def Error: File `fig_qffit_cylr2_50000h35_
thresh75_bin0_20_sdss_z0_05_0_12_primus_z0_2_1_0_lowenv0_5_highenv3_0_fidmass10
_5_lit_primuszerr_baldry_geha_iovino_kovac_peng_envthresh_kovacoffset-eps-conve
rted-to.pdf' not found.

See the pdftex.def package documentation for explanation.
Type  H <return>  for immediate help.
 ...                                              
                                                  
l.760 ...coffset.eps, height=\textwidth, angle=90}
                                                  
? 

Package natbib Warning: Citation `Baldry:2006aa' on page 31 undefined on input 
line 761.


Package natbib Warning: Citation `geha12a' on page 31 undefined on input line 7
61.


Package natbib Warning: Citation `Iovino:2010aa' on page 31 undefined on input 
line 761.


Package natbib Warning: Citation `Kovac:2014aa' on page 31 undefined on input l
ine 761.


Package natbib Warning: Citation `Peng:2010aa' on page 31 undefined on input li
ne 761.


Package natbib Warning: Citation `Iovino:2010aa' on page 31 undefined on input 
line 761.


Package natbib Warning: Citation `Kovac:2014aa' on page 31 undefined on input l
ine 761.


Package natbib Warning: Citation `Baldry:2006aa' on page 31 undefined on input 
line 761.


Package natbib Warning: Citation `Peng:2010aa' on page 31 undefined on input li
ne 761.


Package natbib Warning: Citation `geha12a' on page 31 undefined on input line 7
61.


Package natbib Warning: Citation `Iovino:2010aa' on page 31 undefined on input 
line 761.


Package natbib Warning: Citation `Kovac:2014aa' on page 31 undefined on input l
ine 761.


LaTeX Warning: Reference `fig:qffit' on page 31 undefined on input line 761.


LaTeX Warning: Reference `eq:qffit' on page 31 undefined on input line 761.


LaTeX Warning: Float too large for page by 167.88411pt on input line 763.

[31] [32]

LaTeX Warning: Reference `fig:qffit_comp' on page 33 undefined on input line 77
2.


Package natbib Warning: Citation `Peng:2010aa' on page 33 undefined on input li
ne 773.


Package natbib Warning: Citation `Iovino:2010aa' on page 33 undefined on input 
line 776.


Package natbib Warning: Citation `Kovac:2014aa' on page 33 undefined on input l
ine 778.


Package natbib Warning: Citation `Baldry:2006aa' on page 33 undefined on input 
line 783.


Package natbib Warning: Citation `geha12a' on page 33 undefined on input line 7
86.


Package natbib Warning: Citation `Peng:2010aa' on page 33 undefined on input li
ne 787.


Package natbib Warning: Citation `Baldry:2006aa' on page 33 undefined on input 
line 792.


Package natbib Warning: Citation `Baldry:2006aa' on page 33 undefined on input 
line 797.


Package natbib Warning: Citation `Baldry:2006aa' on page 33 undefined on input 
line 802.


Package natbib Warning: Citation `Baldry:2006aa' on page 33 undefined on input 
line 805.


LaTeX Warning: Reference `fig:qffit_comp' on page 33 undefined on input line 80
6.

[33]

Package natbib Warning: Citation `Tinker:2011aa' on page 34 undefined on input 
line 809.


Package natbib Warning: Citation `Tinker:2011aa' on page 34 undefined on input 
line 809.


Package natbib Warning: Citation `Tinker:2011aa' on page 34 undefined on input 
line 811.


Package natbib Warning: Citation `geha12a' on page 34 undefined on input line 8
11.


Package natbib Warning: Citation `geha12a' on page 34 undefined on input line 8
14.


Package natbib Warning: Citation `geha12a' on page 34 undefined on input line 8
17.


LaTeX Warning: Reference `fig:qffit_comp' on page 34 undefined on input line 82
2.


Package natbib Warning: Citation `Iovino:2010aa' on page 34 undefined on input 
line 827.


Package natbib Warning: Citation `Kovac:2014aa' on page 34 undefined on input l
ine 827.


Package natbib Warning: Citation `Iovino:2010aa' on page 34 undefined on input 
line 827.


Package natbib Warning: Citation `Kovac:2014aa' on page 34 undefined on input l
ine 827.


Package natbib Warning: Citation `Iovino:2010aa' on page 34 undefined on input 
line 827.


Package natbib Warning: Citation `Kovac:2014aa' on page 34 undefined on input l
ine 830.


Package natbib Warning: Citation `Kovac:2014aa' on page 34 undefined on input l
ine 832.


Package natbib Warning: Citation `Kovac:2014aa' on page 34 undefined on input l
ine 833.


Package natbib Warning: Citation `Kovac:2014aa' on page 34 undefined on input l
ine 833.


Package natbib Warning: Citation `Kovac:2014aa' on page 34 undefined on input l
ine 833.


Package natbib Warning: Citation `Kovac:2014aa' on page 34 undefined on input l
ine 833.

[34]

LaTeX Warning: Reference `fig:qf' on page 35 undefined on input line 835.


LaTeX Warning: Reference `fig:qffit' on page 35 undefined on input line 837.


Package natbib Warning: Citation `Iovino:2010aa' on page 35 undefined on input 
line 845.


Package natbib Warning: Citation `Iovino:2010aa' on page 35 undefined on input 
line 849.


Package natbib Warning: Citation `Iovino:2010aa' on page 35 undefined on input 
line 855.


LaTeX Warning: Reference `fig:qffit_comp' on page 35 undefined on input line 85
8.


Package natbib Warning: Citation `Iovino:2010aa' on page 35 undefined on input 
line 859.


LaTeX Warning: Reference `fig:qffit' on page 35 undefined on input line 868.


LaTeX Warning: Reference `fig:qffit_comp' on page 35 undefined on input line 86
8.


Package natbib Warning: Citation `Cucciati:2010aa' on page 35 undefined on inpu
t line 873.


Package natbib Warning: Citation `Kovac:2014aa' on page 35 undefined on input l
ine 873.


LaTeX Warning: Reference `fig:qffit_comp' on page 35 undefined on input line 87
4.


Package natbib Warning: Citation `Kovac:2014aa' on page 35 undefined on input l
ine 874.


Package natbib Warning: Citation `Cucciati:2010aa' on page 35 undefined on inpu
t line 878.


Package natbib Warning: Citation `Cooper:2010aa' on page 35 undefined on input 
line 878.


Package natbib Warning: Citation `Scodeggio:2009aa' on page 35 undefined on inp
ut line 880.

[35]

LaTeX Warning: Reference `sec:env_qf_evol' on page 36 undefined on input line 8
85.


Package natbib Warning: Citation `Iovino:2010aa' on page 36 undefined on input 
line 888.


LaTeX Warning: Reference `fig:qffit_comp' on page 36 undefined on input line 88
9.


Package natbib Warning: Citation `Kovac:2014aa' on page 36 undefined on input l
ine 890.


LaTeX Warning: Reference `fig:qffit_comp' on page 36 undefined on input line 89
0.


Package natbib Warning: Citation `Kovac:2014aa' on page 36 undefined on input l
ine 890.


LaTeX Warning: Reference `fig:qffit_comp' on page 36 undefined on input line 89
0.


LaTeX Warning: Reference `sec:env_qf_evol' on page 36 undefined on input line 8
92.


Package natbib Warning: Citation `Iovino:2010aa' on page 36 undefined on input 
line 896.


Package natbib Warning: Citation `Kovac:2014aa' on page 36 undefined on input l
ine 896.


Package natbib Warning: Citation `Iovino:2010aa' on page 36 undefined on input 
line 898.


LaTeX Warning: Reference `fig:qffit_comp' on page 36 undefined on input line 89
9.


Package natbib Warning: Citation `Iovino:2010aa' on page 36 undefined on input 
line 901.


Package natbib Warning: Citation `Iovino:2010aa' on page 36 undefined on input 
line 904.

[36]

Package natbib Warning: Citation `Kovac:2014aa' on page 37 undefined on input l
ine 908.


Package natbib Warning: Citation `Kovac:2014aa' on page 37 undefined on input l
ine 913.


LaTeX Warning: Reference `fig:qffit_comp' on page 37 undefined on input line 91
8.


Package natbib Warning: Citation `Kovac:2014aa' on page 37 undefined on input l
ine 919.


LaTeX Warning: Reference `tab:subsample' on page 37 undefined on input line 926
.


Package natbib Warning: Citation `Iovino:2010aa' on page 37 undefined on input 
line 929.


LaTeX Warning: Reference `fig:qffit_comp' on page 37 undefined on input line 93
4.


Package natbib Warning: Citation `Iovino:2010aa' on page 37 undefined on input 
line 934.


Package natbib Warning: Citation `Iovino:2010aa' on page 37 undefined on input 
line 937.


Package natbib Warning: Citation `Iovino:2010aa' on page 37 undefined on input 
line 942.

[37]

Package natbib Warning: Citation `Kovac:2014aa' on page 38 undefined on input l
ine 944.


Package natbib Warning: Citation `Kovac:2014aa' on page 38 undefined on input l
ine 949.


Package natbib Warning: Citation `Lilly:2009aa' on page 38 undefined on input l
ine 954.


Package natbib Warning: Citation `Kovac:2010ab' on page 38 undefined on input l
ine 954.


Package natbib Warning: Citation `Peng:2010aa' on page 38 undefined on input li
ne 977.

[38]

Package natbib Warning: Citation `Baldry:2006aa' on page 39 undefined on input 
line 1016.


Package natbib Warning: Citation `Peng:2010aa' on page 39 undefined on input li
ne 1016.

[39] [40]
No file qf_env_apj.bbl.

Package natbib Warning: There were undefined citations.

[41] (./qf_env_apj.aux)

LaTeX Warning: There were undefined references.


LaTeX Warning: Label(s) may have changed. Rerun to get cross-references right.

 ) 
Here is how much of TeX's memory you used:
 3653 strings out of 493315
 47682 string characters out of 6137904
 114005 words of memory out of 5000000
 7032 multiletter control sequences out of 15000+600000
 12996 words of font info for 54 fonts, out of 8000000 for 9000
 957 hyphenation exceptions out of 8191
 38i,11n,28p,2054b,316s stack positions out of 5000i,500n,10000p,200000b,80000s
{/usr/local/texlive/2013/texmf-dist/fonts/enc/dvips/base/8r.enc}</usr/local/t
exlive/2013/texmf-dist/fonts/type1/public/amsfonts/cm/cmbx12.pfb></usr/local/te
xlive/2013/texmf-dist/fonts/type1/public/amsfonts/cm/cmex10.pfb></usr/local/tex
live/2013/texmf-dist/fonts/type1/public/amsfonts/cm/cmmi12.pfb></usr/local/texl
ive/2013/texmf-dist/fonts/type1/public/amsfonts/cm/cmmi8.pfb></usr/local/texliv
e/2013/texmf-dist/fonts/type1/public/amsfonts/cm/cmr12.pfb></usr/local/texlive/
2013/texmf-dist/fonts/type1/public/amsfonts/cm/cmr8.pfb></usr/local/texlive/201
3/texmf-dist/fonts/type1/public/amsfonts/cm/cmsy10.pfb></usr/local/texlive/2013
/texmf-dist/fonts/type1/public/amsfonts/cm/cmsy8.pfb></usr/local/texlive/2013/t
exmf-dist/fonts/type1/public/amsfonts/cm/cmti12.pfb></usr/local/texlive/2013/te
xmf-dist/fonts/type1/urw/courier/ucrr8a.pfb>
Output written on qf_env_apj.pdf (41 pages, 219164 bytes).
PDF statistics:
 179 PDF objects out of 1000 (max. 8388607)
 124 compressed objects within 2 object streams
 0 named destinations out of 1000 (max. 500000)
 1 words of extra memory for PDF output out of 10000 (max. 10000000)

