This is pdfTeX, Version 3.1415926-2.5-1.40.14 (TeX Live 2013) (format=pdflatex 2013.5.30)  22 DEC 2014 11:36
entering extended mode
 \write18 enabled.
 file:line:error style messages enabled.
 %&-line parsing enabled.
**qf_env_apj.tex
(./qf_env_apj.tex
LaTeX2e <2011/06/27>
Babel <3.9f> and hyphenation patterns for 78 languages loaded.
(/usr/local/texlive/2013/texmf-dist/tex/latex/aastex/aastex.cls
Document Class: aastex 2005/06/22 5.2/AAS markup document class
Class aastex Info: Original \LaTeX2.09 style by Chris Biemesderfer (chris@seago
at.com). Adapted to \LaTeXe by A. Ogawa (ogawa@teleport.com) on input line 83.
(/usr/local/texlive/2013/texmf-dist/tex/latex/base/article.cls
Document Class: article 2007/10/19 v1.4h Standard LaTeX document class
(/usr/local/texlive/2013/texmf-dist/tex/latex/base/size12.clo
File: size12.clo 2007/10/19 v1.4h Standard LaTeX file (size option)
)
\c@part=\count79
\c@section=\count80
\c@subsection=\count81
\c@subsubsection=\count82
\c@paragraph=\count83
\c@subparagraph=\count84
\c@figure=\count85
\c@table=\count86
\abovecaptionskip=\skip41
\belowcaptionskip=\skip42
\bibindent=\dimen102
)
(/usr/local/texlive/2013/texmf-dist/tex/latex/base/latexsym.sty
Package: latexsym 1998/08/17 v2.2e Standard LaTeX package (lasy symbols)
\symlasy=\mathgroup4
LaTeX Font Info:    Overwriting symbol font `lasy' in version `bold'
(Font)                  U/lasy/m/n --> U/lasy/b/n on input line 47.
)
(/usr/local/texlive/2013/texmf-dist/tex/latex/graphics/graphicx.sty
Package: graphicx 1999/02/16 v1.0f Enhanced LaTeX Graphics (DPC,SPQR)

(/usr/local/texlive/2013/texmf-dist/tex/latex/graphics/keyval.sty
Package: keyval 1999/03/16 v1.13 key=value parser (DPC)
\KV@toks@=\toks14
)
(/usr/local/texlive/2013/texmf-dist/tex/latex/graphics/graphics.sty
Package: graphics 2009/02/05 v1.0o Standard LaTeX Graphics (DPC,SPQR)

(/usr/local/texlive/2013/texmf-dist/tex/latex/graphics/trig.sty
Package: trig 1999/03/16 v1.09 sin cos tan (DPC)
)
(/usr/local/texlive/2013/texmf-dist/tex/latex/latexconfig/graphics.cfg
File: graphics.cfg 2010/04/23 v1.9 graphics configuration of TeX Live
)
Package graphics Info: Driver file: pdftex.def on input line 91.

(/usr/local/texlive/2013/texmf-dist/tex/latex/pdftex-def/pdftex.def
File: pdftex.def 2011/05/27 v0.06d Graphics/color for pdfTeX

(/usr/local/texlive/2013/texmf-dist/tex/generic/oberdiek/infwarerr.sty
Package: infwarerr 2010/04/08 v1.3 Providing info/warning/error messages (HO)
)
(/usr/local/texlive/2013/texmf-dist/tex/generic/oberdiek/ltxcmds.sty
Package: ltxcmds 2011/11/09 v1.22 LaTeX kernel commands for general use (HO)
)
\Gread@gobject=\count87
))
\Gin@req@height=\dimen103
\Gin@req@width=\dimen104
)
(/usr/local/texlive/2013/texmf-dist/tex/latex/amsfonts/amssymb.sty
Package: amssymb 2013/01/14 v3.01 AMS font symbols

(/usr/local/texlive/2013/texmf-dist/tex/latex/amsfonts/amsfonts.sty
Package: amsfonts 2013/01/14 v3.01 Basic AMSFonts support
\@emptytoks=\toks15
\symAMSa=\mathgroup5
\symAMSb=\mathgroup6
LaTeX Font Info:    Overwriting math alphabet `\mathfrak' in version `bold'
(Font)                  U/euf/m/n --> U/euf/b/n on input line 106.
))
(/usr/local/texlive/2013/texmf-dist/tex/latex/natbib/natbib.sty
Package: natbib 2010/09/13 8.31b (PWD, AO)
\bibhang=\skip43
\bibsep=\skip44
LaTeX Info: Redefining \cite on input line 694.
\c@NAT@ctr=\count88
)
(/usr/local/texlive/2013/texmf-dist/tex/latex/tools/verbatim.sty
Package: verbatim 2003/08/22 v1.5q LaTeX2e package for verbatim enhancements
\every@verbatim=\toks16
\verbatim@line=\toks17
\verbatim@in@stream=\read1
)
\@slugcmmntwidth=\dimen105
\abstract@box=\box26
\c@editornote=\count89
\c@cureqno=\count90
\tnotemarkskip=\skip45
\@abovenoteskip=\dimen106
\pt@box=\box27
\pt@width=\dimen107
\pt@line=\count91
\pt@column=\count92
\pt@nlines=\count93
\pt@ncol=\count94
\pt@page=\count95
\tabbaseskip=\dimen108
\pt@tmpcapwidth=\dimen109
\spew@tblnotesbox=\box28
\restof@tblnotesbox=\box29
\noteheight=\dimen110
\pt@tabnoteminht=\dimen111
\firsttabskip=\dimen112
\captionbox=\box30
\pt@reduceline=\dimen113
\extra@vspace=\dimen114
\c@plate=\count96
\my@footins=\box31
)
(/usr/local/texlive/2013/texmf-dist/tex/latex/graphics/epsfig.sty
Package: epsfig 1999/02/16 v1.7a (e)psfig emulation (SPQR)
\epsfxsize=\dimen115
\epsfysize=\dimen116
)
(/usr/local/texlive/2013/texmf-dist/tex/latex/rotating/rotating.sty
Package: rotating 2009/03/28 v2.16a rotated objects in LaTeX

(/usr/local/texlive/2013/texmf-dist/tex/latex/base/ifthen.sty
Package: ifthen 2001/05/26 v1.1c Standard LaTeX ifthen package (DPC)
)
\c@r@tfl@t=\count97
\rotFPtop=\skip46
\rotFPbot=\skip47
\rot@float@box=\box32
\rot@mess@toks=\toks18
)
(/usr/local/texlive/2013/texmf-dist/tex/latex/amsmath/amsmath.sty
Package: amsmath 2013/01/14 v2.14 AMS math features
\@mathmargin=\skip48

For additional information on amsmath, use the `?' option.
(/usr/local/texlive/2013/texmf-dist/tex/latex/amsmath/amstext.sty
Package: amstext 2000/06/29 v2.01

(/usr/local/texlive/2013/texmf-dist/tex/latex/amsmath/amsgen.sty
File: amsgen.sty 1999/11/30 v2.0
\@emptytoks=\toks19
\ex@=\dimen117
))
(/usr/local/texlive/2013/texmf-dist/tex/latex/amsmath/amsbsy.sty
Package: amsbsy 1999/11/29 v1.2d
\pmbraise@=\dimen118
)
(/usr/local/texlive/2013/texmf-dist/tex/latex/amsmath/amsopn.sty
Package: amsopn 1999/12/14 v2.01 operator names
)
\inf@bad=\count98
LaTeX Info: Redefining \frac on input line 210.
\uproot@=\count99
\leftroot@=\count100
LaTeX Info: Redefining \overline on input line 306.
\classnum@=\count101
\DOTSCASE@=\count102
LaTeX Info: Redefining \ldots on input line 378.
LaTeX Info: Redefining \dots on input line 381.
LaTeX Info: Redefining \cdots on input line 466.
\Mathstrutbox@=\box33
\strutbox@=\box34
\big@size=\dimen119
LaTeX Font Info:    Redeclaring font encoding OML on input line 566.
LaTeX Font Info:    Redeclaring font encoding OMS on input line 567.
\macc@depth=\count103
\c@MaxMatrixCols=\count104
\dotsspace@=\muskip10
\c@parentequation=\count105
\dspbrk@lvl=\count106
\tag@help=\toks20
\row@=\count107
\column@=\count108
\maxfields@=\count109
\andhelp@=\toks21
\eqnshift@=\dimen120
\alignsep@=\dimen121
\tagshift@=\dimen122
\tagwidth@=\dimen123
\totwidth@=\dimen124
\lineht@=\dimen125
\@envbody=\toks22
\multlinegap=\skip49
\multlinetaggap=\skip50
\mathdisplay@stack=\toks23
LaTeX Info: Redefining \[ on input line 2665.
LaTeX Info: Redefining \] on input line 2666.
)
(/usr/local/texlive/2013/texmf-dist/tex/latex/mdwtools/footnote.sty
Package: footnote 1997/01/28 1.13 Save footnotes around boxes
\fn@notes=\box35
\fn@width=\dimen126
)
(/usr/local/texlive/2013/texmf-dist/tex/latex/psnfss/courier.sty
Package: courier 2005/04/12 PSNFSS-v9.2a (WaS) 
)
(./qf_env_apj.aux)
\openout1 = `qf_env_apj.aux'.

LaTeX Font Info:    Checking defaults for OML/cmm/m/it on input line 19.
LaTeX Font Info:    ... okay on input line 19.
LaTeX Font Info:    Checking defaults for T1/cmr/m/n on input line 19.
LaTeX Font Info:    ... okay on input line 19.
LaTeX Font Info:    Checking defaults for OT1/cmr/m/n on input line 19.
LaTeX Font Info:    ... okay on input line 19.
LaTeX Font Info:    Checking defaults for OMS/cmsy/m/n on input line 19.
LaTeX Font Info:    ... okay on input line 19.
LaTeX Font Info:    Checking defaults for OMX/cmex/m/n on input line 19.
LaTeX Font Info:    ... okay on input line 19.
LaTeX Font Info:    Checking defaults for U/cmr/m/n on input line 19.
LaTeX Font Info:    ... okay on input line 19.

(/usr/local/texlive/2013/texmf-dist/tex/context/base/supp-pdf.mkii
[Loading MPS to PDF converter (version 2006.09.02).]
\scratchcounter=\count110
\scratchdimen=\dimen127
\scratchbox=\box36
\nofMPsegments=\count111
\nofMParguments=\count112
\everyMPshowfont=\toks24
\MPscratchCnt=\count113
\MPscratchDim=\dimen128
\MPnumerator=\count114
\makeMPintoPDFobject=\count115
\everyMPtoPDFconversion=\toks25
) (/usr/local/texlive/2013/texmf-dist/tex/generic/oberdiek/pdftexcmds.sty
Package: pdftexcmds 2011/11/29 v0.20 Utility functions of pdfTeX for LuaTeX (HO
)

(/usr/local/texlive/2013/texmf-dist/tex/generic/oberdiek/ifluatex.sty
Package: ifluatex 2010/03/01 v1.3 Provides the ifluatex switch (HO)
Package ifluatex Info: LuaTeX not detected.
)
(/usr/local/texlive/2013/texmf-dist/tex/generic/oberdiek/ifpdf.sty
Package: ifpdf 2011/01/30 v2.3 Provides the ifpdf switch (HO)
Package ifpdf Info: pdfTeX in PDF mode is detected.
)
Package pdftexcmds Info: LuaTeX not detected.
Package pdftexcmds Info: \pdf@primitive is available.
Package pdftexcmds Info: \pdf@ifprimitive is available.
Package pdftexcmds Info: \pdfdraftmode found.
)
(/usr/local/texlive/2013/texmf-dist/tex/latex/oberdiek/epstopdf-base.sty
Package: epstopdf-base 2010/02/09 v2.5 Base part for package epstopdf

(/usr/local/texlive/2013/texmf-dist/tex/latex/oberdiek/grfext.sty
Package: grfext 2010/08/19 v1.1 Manage graphics extensions (HO)

(/usr/local/texlive/2013/texmf-dist/tex/generic/oberdiek/kvdefinekeys.sty
Package: kvdefinekeys 2011/04/07 v1.3 Define keys (HO)
))
(/usr/local/texlive/2013/texmf-dist/tex/latex/oberdiek/kvoptions.sty
Package: kvoptions 2011/06/30 v3.11 Key value format for package options (HO)

(/usr/local/texlive/2013/texmf-dist/tex/generic/oberdiek/kvsetkeys.sty
Package: kvsetkeys 2012/04/25 v1.16 Key value parser (HO)

(/usr/local/texlive/2013/texmf-dist/tex/generic/oberdiek/etexcmds.sty
Package: etexcmds 2011/02/16 v1.5 Avoid name clashes with e-TeX commands (HO)
Package etexcmds Info: Could not find \expanded.
(etexcmds)             That can mean that you are not using pdfTeX 1.50 or
(etexcmds)             that some package has redefined \expanded.
(etexcmds)             In the latter case, load this package earlier.
)))
Package grfext Info: Graphics extension search list:
(grfext)             [.png,.pdf,.jpg,.mps,.jpeg,.jbig2,.jb2,.PNG,.PDF,.JPG,.JPE
G,.JBIG2,.JB2,.eps]
(grfext)             \AppendGraphicsExtensions on input line 452.

(/usr/local/texlive/2013/texmf-dist/tex/latex/latexconfig/epstopdf-sys.cfg
File: epstopdf-sys.cfg 2010/07/13 v1.3 Configuration of (r)epstopdf for TeX Liv
e
))
AAS manuscript substyle, v5.2 <12 Dec 2003>.
LaTeX Font Info:    Try loading font information for U+lasy on input line 45.
(/usr/local/texlive/2013/texmf-dist/tex/latex/base/ulasy.fd
File: ulasy.fd 1998/08/17 v2.2e LaTeX symbol font definitions
)
LaTeX Font Info:    Try loading font information for U+msa on input line 45.

(/usr/local/texlive/2013/texmf-dist/tex/latex/amsfonts/umsa.fd
File: umsa.fd 2013/01/14 v3.01 AMS symbols A
)
LaTeX Font Info:    Try loading font information for U+msb on input line 45.

(/usr/local/texlive/2013/texmf-dist/tex/latex/amsfonts/umsb.fd
File: umsb.fd 2013/01/14 v3.01 AMS symbols B
) [1

{/usr/local/texlive/2013/texmf-var/fonts/map/pdftex/updmap/pdftex.map}] [2

]

Package natbib Warning: Citation `hubble36a' on page 3 undefined on input line 
76.


Package natbib Warning: Citation `oemler74a' on page 3 undefined on input line 
76.


Package natbib Warning: Citation `dressler80a' on page 3 undefined on input lin
e 76.


Package natbib Warning: Citation `hermit96a' on page 3 undefined on input line 
76.


Package natbib Warning: Citation `guzzo97a' on page 3 undefined on input line 7
6.


Package natbib Warning: Citation `blanton09a' on page 3 undefined on input line
 76.


Package natbib Warning: Citation `geha12a' on page 3 undefined on input line 76
.


Package natbib Warning: Citation `dressler84a' on page 3 undefined on input lin
e 76.


Package natbib Warning: Citation `Fasano:2000aa' on page 3 undefined on input l
ine 76.


Package natbib Warning: Citation `Smith:2005aa' on page 3 undefined on input li
ne 76.


Package natbib Warning: Citation `desai07a' on page 3 undefined on input line 7
6.


Package natbib Warning: Citation `hopkins06a' on page 3 undefined on input line
 80.


Package natbib Warning: Citation `Noeske:2007aa' on page 3 undefined on input l
ine 80.


Package natbib Warning: Citation `bell05a' on page 3 undefined on input line 80
.


Package natbib Warning: Citation `magnelli09a' on page 3 undefined on input lin
e 80.


Package natbib Warning: Citation `cooper08a' on page 3 undefined on input line 
80.


Package natbib Warning: Citation `bundy06a' on page 3 undefined on input line 8
2.


Package natbib Warning: Citation `borch06a' on page 3 undefined on input line 8
2.


Package natbib Warning: Citation `taylor09a' on page 3 undefined on input line 
82.


Package natbib Warning: Citation `Moustakas:2013aa' on page 3 undefined on inpu
t line 82.


Package natbib Warning: Citation `Blanton:2006aa' on page 3 undefined on input 
line 82.


Package natbib Warning: Citation `bundy06a' on page 3 undefined on input line 8
2.


Package natbib Warning: Citation `borch06a' on page 3 undefined on input line 8
2.


Package natbib Warning: Citation `Moustakas:2013aa' on page 3 undefined on inpu
t line 82.


Package natbib Warning: Citation `Moustakas:2013aa' on page 3 undefined on inpu
t line 82.


Package natbib Warning: Citation `Bell:2004aa' on page 3 undefined on input lin
e 82.


Package natbib Warning: Citation `borch06a' on page 3 undefined on input line 8
2.


Package natbib Warning: Citation `Faber:2007aa' on page 3 undefined on input li
ne 82.

[3

]

Package natbib Warning: Citation `Keres:2005aa' on page 4 undefined on input li
ne 84.


Package natbib Warning: Citation `Croton:2006aa' on page 4 undefined on input l
ine 84.


Package natbib Warning: Citation `Dekel:2008aa' on page 4 undefined on input li
ne 84.


Package natbib Warning: Citation `Gunn:1972aa' on page 4 undefined on input lin
e 84.


Package natbib Warning: Citation `Bekki:2009aa' on page 4 undefined on input li
ne 84.


Package natbib Warning: Citation `Larson:1980aa' on page 4 undefined on input l
ine 84.


Package natbib Warning: Citation `Balogh:2000aa' on page 4 undefined on input l
ine 84.


Package natbib Warning: Citation `Moore:1998aa' on page 4 undefined on input li
ne 84.


Package natbib Warning: Citation `Weinmann:2006aa' on page 4 undefined on input
 line 86.


Package natbib Warning: Citation `Peng:2010aa' on page 4 undefined on input lin
e 86.


Package natbib Warning: Citation `blanton09a' on page 4 undefined on input line
 86.


Package natbib Warning: Citation `Coil:2011aa' on page 4 undefined on input lin
e 97.


Package natbib Warning: Citation `Cool:2013aa' on page 4 undefined on input lin
e 98.

[4]

Package natbib Warning: Citation `York:2000aa' on page 5 undefined on input lin
e 123.

[5]

Package natbib Warning: Citation `Coil:2011aa' on page 6 undefined on input lin
e 142.


Package natbib Warning: Citation `Cool:2013aa' on page 6 undefined on input lin
e 142.


Package natbib Warning: Citation `Moustakas:2013aa' on page 6 undefined on inpu
t line 144.


Package natbib Warning: Citation `Martin:2005aa' on page 6 undefined on input l
ine 144.


Package natbib Warning: Citation `Morrissey:2005aa' on page 6 undefined on inpu
t line 144.


Package natbib Warning: Citation `Moustakas:2013aa' on page 6 undefined on inpu
t line 144.

LaTeX Font Info:    Try loading font information for OT1+pcr on input line 144.

(/usr/local/texlive/2013/texmf-dist/tex/latex/psnfss/ot1pcr.fd
File: ot1pcr.fd 2001/06/04 font definitions for OT1/pcr.
)

Package natbib Warning: Citation `Blanton:2007aa' on page 6 undefined on input 
line 144.

[6]

Package natbib Warning: Citation `Moustakas:2013aa' on page 7 undefined on inpu
t line 146.


Package natbib Warning: Citation `Conroy:2010aa' on page 7 undefined on input l
ine 146.


Package natbib Warning: Citation `Chabrier:2003aa' on page 7 undefined on input
 line 146.


Package natbib Warning: Citation `Moustakas:2013aa' on page 7 undefined on inpu
t line 146.


Package natbib Warning: Citation `Abazajian:2009aa' on page 7 undefined on inpu
t line 152.


Package natbib Warning: Citation `Blanton:2005aa' on page 7 undefined on input 
line 152.

[7]

Package natbib Warning: Citation `Jarrett:2000aa' on page 8 undefined on input 
line 154.


Package natbib Warning: Citation `Moustakas:2013aa' on page 8 undefined on inpu
t line 154.


Package natbib Warning: Citation `West:2005aa' on page 8 undefined on input lin
e 162.


Package natbib Warning: Citation `Blanton:2005ab' on page 8 undefined on input 
line 162.


Package natbib Warning: Citation `Lauer:2007aa' on page 8 undefined on input li
ne 162.


Package natbib Warning: Citation `Bernardi:2007aa' on page 8 undefined on input
 line 162.


Package natbib Warning: Citation `Hyde:2009aa' on page 8 undefined on input lin
e 162.


Package natbib Warning: Citation `West:2010aa' on page 8 undefined on input lin
e 162.


Package natbib Warning: Citation `Blanton:2011aa' on page 8 undefined on input 
line 168.

[8]

Package natbib Warning: Citation `Moustakas:2013aa' on page 9 undefined on inpu
t line 191.


Package natbib Warning: Citation `Coil:2011aa' on page 9 undefined on input lin
e 193.


Package natbib Warning: Citation `Moustakas:2013aa' on page 9 undefined on inpu
t line 194.


Package natbib Warning: Citation `Coil:2011aa' on page 9 undefined on input lin
e 204.


Package natbib Warning: Citation `Cool:2013aa' on page 9 undefined on input lin
e 204.


Package natbib Warning: Citation `Moustakas:2013aa' on page 9 undefined on inpu
t line 208.

[9]

Package natbib Warning: Citation `Moustakas:2013aa' on page 10 undefined on inp
ut line 213.


Package natbib Warning: Citation `Pozzetti:2010aa' on page 10 undefined on inpu
t line 213.


Package natbib Warning: Citation `Blanton:2005ab' on page 10 undefined on input
 line 215.


Package natbib Warning: Citation `Baldry:2008aa' on page 10 undefined on input 
line 215.


Package natbib Warning: Citation `Moustakas:2013aa' on page 10 undefined on inp
ut line 215.

[10]

Package natbib Warning: Citation `Moustakas:2013aa' on page 11 undefined on inp
ut line 235.


Package natbib Warning: Citation `Noeske:2007aa' on page 11 undefined on input 
line 235.


Package natbib Warning: Citation `Williams:2009aa' on page 11 undefined on inpu
t line 235.


Package natbib Warning: Citation `Karim:2011aa' on page 11 undefined on input l
ine 235.


Package natbib Warning: Citation `Salim:2007aa' on page 11 undefined on input l
ine 235.


Package natbib Warning: Citation `Moustakas:2013aa' on page 11 undefined on inp
ut line 235.


Package natbib Warning: Citation `Moustakas:2013aa' on page 11 undefined on inp
ut line 239.


Package natbib Warning: Citation `Muldrew:2012aa' on page 11 undefined on input
 line 244.


Package natbib Warning: Citation `Skibba:2013aa' on page 11 undefined on input 
line 244.

[11]

Package natbib Warning: Citation `Cooper:2005aa' on page 12 undefined on input 
line 252.


Package natbib Warning: Citation `Gallazzi:2009aa' on page 12 undefined on inpu
t line 252.


Package natbib Warning: Citation `Blanton:2006aa' on page 12 undefined on input
 line 258.


Package natbib Warning: Citation `Wilman:2010aa' on page 12 undefined on input 
line 258.


Package natbib Warning: Citation `Muldrew:2012aa' on page 12 undefined on input
 line 258.


Package natbib Warning: Citation `Behroozi:2013aa' on page 12 undefined on inpu
t line 271.


Package natbib Warning: Citation `Leja:2013aa' on page 12 undefined on input li
ne 271.

[12] [13] [14]

Package natbib Warning: Citation `Swanson:2008aa' on page 15 undefined on input
 line 330.

[15]

Package natbib Warning: Citation `Moustakas:2013aa' on page 16 undefined on inp
ut line 351.


Package natbib Warning: Citation `Johnston:2011aa' on page 16 undefined on inpu
t line 351.

[16]

Package natbib Warning: Citation `Moustakas:2013aa' on page 17 undefined on inp
ut line 358.


Package natbib Warning: Citation `Moustakas:2013aa' on page 17 undefined on inp
ut line 384.


Package natbib Warning: Citation `Moustakas:2013aa' on page 17 undefined on inp
ut line 388.

[17] [18]

Package natbib Warning: Citation `norberg02a' on page 19 undefined on input lin
e 437.


Package natbib Warning: Citation `zehavi02a' on page 19 undefined on input line
 437.


Package natbib Warning: Citation `Blanton:2005ab' on page 19 undefined on input
 line 437.


Package natbib Warning: Citation `bundy06a' on page 19 undefined on input line 
437.


Package natbib Warning: Citation `Scodeggio:2009aa' on page 19 undefined on inp
ut line 437.


Package natbib Warning: Citation `Bolzonella:2010aa' on page 19 undefined on in
put line 437.

[19]

Package natbib Warning: Citation `Cooper:2010aa' on page 20 undefined on input 
line 460.

[20]

Package natbib Warning: Citation `blanton09a' on page 21 undefined on input lin
e 496.


Package natbib Warning: Citation `Butcher:1984aa' on page 21 undefined on input
 line 501.


Package natbib Warning: Citation `bundy06a' on page 21 undefined on input line 
510.


Package natbib Warning: Citation `Iovino:2010aa' on page 21 undefined on input 
line 513.

[21] [22]

Package natbib Warning: Citation `Markwardt:2009aa' on page 23 undefined on inp
ut line 544.

[23] [24]

Package natbib Warning: Citation `Peng:2010aa' on page 25 undefined on input li
ne 625.


Package natbib Warning: Citation `Iovino:2010aa' on page 25 undefined on input 
line 628.


Package natbib Warning: Citation `Kovac:2014aa' on page 25 undefined on input l
ine 630.


Package natbib Warning: Citation `Baldry:2006aa' on page 25 undefined on input 
line 635.


Package natbib Warning: Citation `geha12a' on page 25 undefined on input line 6
38.


Package natbib Warning: Citation `Peng:2010aa' on page 25 undefined on input li
ne 639.


Package natbib Warning: Citation `Baldry:2006aa' on page 25 undefined on input 
line 644.


Package natbib Warning: Citation `Baldry:2006aa' on page 25 undefined on input 
line 649.


Package natbib Warning: Citation `Baldry:2006aa' on page 25 undefined on input 
line 654.


Package natbib Warning: Citation `Baldry:2006aa' on page 25 undefined on input 
line 657.

[25]

Package natbib Warning: Citation `Tinker:2011aa' on page 26 undefined on input 
line 661.


Package natbib Warning: Citation `Tinker:2011aa' on page 26 undefined on input 
line 661.


Package natbib Warning: Citation `Tinker:2011aa' on page 26 undefined on input 
line 663.


Package natbib Warning: Citation `geha12a' on page 26 undefined on input line 6
63.


Package natbib Warning: Citation `geha12a' on page 26 undefined on input line 6
66.


Package natbib Warning: Citation `geha12a' on page 26 undefined on input line 6
69.


Package natbib Warning: Citation `Iovino:2010aa' on page 26 undefined on input 
line 679.


Package natbib Warning: Citation `Kovac:2014aa' on page 26 undefined on input l
ine 679.


Package natbib Warning: Citation `Iovino:2010aa' on page 26 undefined on input 
line 679.


Package natbib Warning: Citation `Kovac:2014aa' on page 26 undefined on input l
ine 679.


Package natbib Warning: Citation `Iovino:2010aa' on page 26 undefined on input 
line 679.


Package natbib Warning: Citation `Kovac:2014aa' on page 26 undefined on input l
ine 682.


Package natbib Warning: Citation `Kovac:2014aa' on page 26 undefined on input l
ine 684.


Package natbib Warning: Citation `Kovac:2014aa' on page 26 undefined on input l
ine 685.


Package natbib Warning: Citation `Kovac:2014aa' on page 26 undefined on input l
ine 685.


Package natbib Warning: Citation `Kovac:2014aa' on page 26 undefined on input l
ine 685.


Package natbib Warning: Citation `Kovac:2014aa' on page 26 undefined on input l
ine 685.

[26]

Package natbib Warning: Citation `Iovino:2010aa' on page 27 undefined on input 
line 697.


Package natbib Warning: Citation `Iovino:2010aa' on page 27 undefined on input 
line 701.


Package natbib Warning: Citation `Iovino:2010aa' on page 27 undefined on input 
line 707.


Package natbib Warning: Citation `Iovino:2010aa' on page 27 undefined on input 
line 711.


Package natbib Warning: Citation `Cucciati:2010aa' on page 27 undefined on inpu
t line 725.


Package natbib Warning: Citation `Kovac:2014aa' on page 27 undefined on input l
ine 725.


Package natbib Warning: Citation `Kovac:2014aa' on page 27 undefined on input l
ine 726.


Package natbib Warning: Citation `Cucciati:2010aa' on page 27 undefined on inpu
t line 730.


Package natbib Warning: Citation `Cooper:2010aa' on page 27 undefined on input 
line 730.


Package natbib Warning: Citation `Scodeggio:2009aa' on page 27 undefined on inp
ut line 732.

[27]

Package natbib Warning: Citation `Iovino:2010aa' on page 28 undefined on input 
line 740.


Package natbib Warning: Citation `Kovac:2014aa' on page 28 undefined on input l
ine 742.


Package natbib Warning: Citation `Kovac:2014aa' on page 28 undefined on input l
ine 742.


Package natbib Warning: Citation `Iovino:2010aa' on page 28 undefined on input 
line 748.


Package natbib Warning: Citation `Kovac:2014aa' on page 28 undefined on input l
ine 748.


Package natbib Warning: Citation `Iovino:2010aa' on page 28 undefined on input 
line 750.


Package natbib Warning: Citation `Iovino:2010aa' on page 28 undefined on input 
line 753.


Package natbib Warning: Citation `Iovino:2010aa' on page 28 undefined on input 
line 756.

[28]

Package natbib Warning: Citation `Kovac:2014aa' on page 29 undefined on input l
ine 760.


Package natbib Warning: Citation `Kovac:2014aa' on page 29 undefined on input l
ine 765.


Package natbib Warning: Citation `Kovac:2014aa' on page 29 undefined on input l
ine 771.


Package natbib Warning: Citation `Iovino:2010aa' on page 29 undefined on input 
line 781.


Package natbib Warning: Citation `Iovino:2010aa' on page 29 undefined on input 
line 786.


Package natbib Warning: Citation `Iovino:2010aa' on page 29 undefined on input 
line 789.


Package natbib Warning: Citation `Iovino:2010aa' on page 29 undefined on input 
line 794.

[29]

Package natbib Warning: Citation `Kovac:2014aa' on page 30 undefined on input l
ine 796.


Package natbib Warning: Citation `Kovac:2014aa' on page 30 undefined on input l
ine 801.


Package natbib Warning: Citation `Lilly:2009aa' on page 30 undefined on input l
ine 806.


Package natbib Warning: Citation `Kovac:2010ab' on page 30 undefined on input l
ine 806.


Package natbib Warning: Citation `Peng:2010aa' on page 30 undefined on input li
ne 829.

[30]

Package natbib Warning: Citation `Baldry:2006aa' on page 31 undefined on input 
line 868.


Package natbib Warning: Citation `Peng:2010aa' on page 31 undefined on input li
ne 868.

[31] [32]
No file qf_env_apj.bbl.
[33]
Plotone included the file fig_edp_sdss_z0_05_0_12_primus_z0_2_1_0_Mr_redshift.p
ng

<fig_edp_sdss_z0_05_0_12_primus_z0_2_1_0_Mr_redshift.png, id=119, 1089.8316pt x
 409.7709pt>
File: fig_edp_sdss_z0_05_0_12_primus_z0_2_1_0_Mr_redshift.png Graphic file (typ
e png)
 <use fig_edp_sdss_z0_05_0_12_primus_z0_2_1_0_Mr_redshift.png>
Package pdftex.def Info: fig_edp_sdss_z0_05_0_12_primus_z0_2_1_0_Mr_redshift.pn
g used on input line 903.
(pdftex.def)             Requested size: 469.75499pt x 176.62323pt.

[34 <./fig_edp_sdss_z0_05_0_12_primus_z0_2_1_0_Mr_redshift.png>]
Overfull \hbox (11.61057pt too wide) in paragraph at lines 913--931
 [] 
 []

[35]
<fig_envcount_cylr2_5h35_thresh75_sdss_z0_05_0_12_primus_z0_2_1_0_lowenv0_5_hig
henv3_0_primuszerr_masslimit_edgecut_histogram.png, id=131, 517.4532pt x 412.66
17pt>
File: fig_envcount_cylr2_5h35_thresh75_sdss_z0_05_0_12_primus_z0_2_1_0_lowenv0_
5_highenv3_0_primuszerr_masslimit_edgecut_histogram.png Graphic file (type png)


<use fig_envcount_cylr2_5h35_thresh75_sdss_z0_05_0_12_primus_z0_2_1_0_lowenv0_5
_highenv3_0_primuszerr_masslimit_edgecut_histogram.png>
Package pdftex.def Info: fig_envcount_cylr2_5h35_thresh75_sdss_z0_05_0_12_primu
s_z0_2_1_0_lowenv0_5_highenv3_0_primuszerr_masslimit_edgecut_histogram.png used
 on input line 942.
(pdftex.def)             Requested size: 469.75499pt x 374.62859pt.
Package epstopdf Info: Source file: <fig_smf_cylr2_50000h35_thresh75_bin0_20_sd
ss_z0_05_0_12_primus_z0_2_1_0_2envbin_lowenv0_5_highenv3_0_lit_primuszerr.eps>
(epstopdf)                    date: 2014-12-19 14:33:45
(epstopdf)                    size: 48208 bytes
(epstopdf)             Output file: <fig_smf_cylr2_50000h35_thresh75_bin0_20_sd
ss_z0_05_0_12_primus_z0_2_1_0_2envbin_lowenv0_5_highenv3_0_lit_primuszerr-eps-c
onverted-to.pdf>
(epstopdf)                    date: 2014-12-19 14:34:01
(epstopdf)                    size: 22484 bytes
(epstopdf)             Command: <epstopdf --outfile=fig_smf_cylr2_50000h35_thre
sh75_bin0_20_sdss_z0_05_0_12_primus_z0_2_1_0_2envbin_lowenv0_5_highenv3_0_lit_p
rimuszerr-eps-converted-to.pdf fig_smf_cylr2_50000h35_thresh75_bin0_20_sdss_z0_
05_0_12_primus_z0_2_1_0_2envbin_lowenv0_5_highenv3_0_lit_primuszerr.eps>
(epstopdf)             \includegraphics on input line 951.
Package epstopdf Info: Output file is already uptodate.

<fig_smf_cylr2_50000h35_thresh75_bin0_20_sdss_z0_05_0_12_primus_z0_2_1_0_2envbi
n_lowenv0_5_highenv3_0_lit_primuszerr-eps-converted-to.pdf, id=132, 614.295pt x
 758.835pt>
File: fig_smf_cylr2_50000h35_thresh75_bin0_20_sdss_z0_05_0_12_primus_z0_2_1_0_2
envbin_lowenv0_5_highenv3_0_lit_primuszerr-eps-converted-to.pdf Graphic file (t
ype pdf)

<use fig_smf_cylr2_50000h35_thresh75_bin0_20_sdss_z0_05_0_12_primus_z0_2_1_0_2e
nvbin_lowenv0_5_highenv3_0_lit_primuszerr-eps-converted-to.pdf>
Package pdftex.def Info: fig_smf_cylr2_50000h35_thresh75_bin0_20_sdss_z0_05_0_1
2_primus_z0_2_1_0_2envbin_lowenv0_5_highenv3_0_lit_primuszerr-eps-converted-to.
pdf used on input line 951.
(pdftex.def)             Requested size: 380.28719pt x 469.75499pt.
Package epstopdf Info: Source file: <fig_qf_cylr2_50000h35_thresh75_bin0_20_sds
s_z0_05_0_12_primus_z0_2_1_0_lowenv0_5_highenv3_0_lit_primuszerr.eps>
(epstopdf)                    date: 2014-11-19 11:11:20
(epstopdf)                    size: 26725 bytes
(epstopdf)             Output file: <fig_qf_cylr2_50000h35_thresh75_bin0_20_sds
s_z0_05_0_12_primus_z0_2_1_0_lowenv0_5_highenv3_0_lit_primuszerr-eps-converted-
to.pdf>
(epstopdf)                    date: 2014-11-19 11:13:50
(epstopdf)                    size: 13801 bytes
(epstopdf)             Command: <epstopdf --outfile=fig_qf_cylr2_50000h35_thres
h75_bin0_20_sdss_z0_05_0_12_primus_z0_2_1_0_lowenv0_5_highenv3_0_lit_primuszerr
-eps-converted-to.pdf fig_qf_cylr2_50000h35_thresh75_bin0_20_sdss_z0_05_0_12_pr
imus_z0_2_1_0_lowenv0_5_highenv3_0_lit_primuszerr.eps>
(epstopdf)             \includegraphics on input line 967.
Package epstopdf Info: Output file is already uptodate.

<fig_qf_cylr2_50000h35_thresh75_bin0_20_sdss_z0_05_0_12_primus_z0_2_1_0_lowenv0
_5_highenv3_0_lit_primuszerr-eps-converted-to.pdf, id=133, 433.62pt x 758.835pt
>
File: fig_qf_cylr2_50000h35_thresh75_bin0_20_sdss_z0_05_0_12_primus_z0_2_1_0_lo
wenv0_5_highenv3_0_lit_primuszerr-eps-converted-to.pdf Graphic file (type pdf)

<use fig_qf_cylr2_50000h35_thresh75_bin0_20_sdss_z0_05_0_12_primus_z0_2_1_0_low
env0_5_highenv3_0_lit_primuszerr-eps-converted-to.pdf>
Package pdftex.def Info: fig_qf_cylr2_50000h35_thresh75_bin0_20_sdss_z0_05_0_12
_primus_z0_2_1_0_lowenv0_5_highenv3_0_lit_primuszerr-eps-converted-to.pdf used 
on input line 967.
(pdftex.def)             Requested size: 268.43802pt x 469.75499pt.
Package epstopdf Info: Source file: <fig_qffit_cylr2_50000h35_thresh75_bin0_20_
sdss_z0_05_0_12_primus_z0_2_1_0_lowenv0_5_highenv3_0_fidmasscomp11_0_10_5_lit_p
rimuszerr.eps>
(epstopdf)                    date: 2014-11-19 12:24:08
(epstopdf)                    size: 20313 bytes
(epstopdf)             Output file: <fig_qffit_cylr2_50000h35_thresh75_bin0_20_
sdss_z0_05_0_12_primus_z0_2_1_0_lowenv0_5_highenv3_0_fidmasscomp11_0_10_5_lit_p
rimuszerr-eps-converted-to.pdf>
(epstopdf)                    date: 2014-11-19 12:32:00
(epstopdf)                    size: 11850 bytes
(epstopdf)             Command: <epstopdf --outfile=fig_qffit_cylr2_50000h35_th
resh75_bin0_20_sdss_z0_05_0_12_primus_z0_2_1_0_lowenv0_5_highenv3_0_fidmasscomp
11_0_10_5_lit_primuszerr-eps-converted-to.pdf fig_qffit_cylr2_50000h35_thresh75
_bin0_20_sdss_z0_05_0_12_primus_z0_2_1_0_lowenv0_5_highenv3_0_fidmasscomp11_0_1
0_5_lit_primuszerr.eps>
(epstopdf)             \includegraphics on input line 979.
Package epstopdf Info: Output file is already uptodate.

<fig_qffit_cylr2_50000h35_thresh75_bin0_20_sdss_z0_05_0_12_primus_z0_2_1_0_lowe
nv0_5_highenv3_0_fidmasscomp11_0_10_5_lit_primuszerr-eps-converted-to.pdf, id=1
34, 614.295pt x 614.295pt>
File: fig_qffit_cylr2_50000h35_thresh75_bin0_20_sdss_z0_05_0_12_primus_z0_2_1_0
_lowenv0_5_highenv3_0_fidmasscomp11_0_10_5_lit_primuszerr-eps-converted-to.pdf 
Graphic file (type pdf)

<use fig_qffit_cylr2_50000h35_thresh75_bin0_20_sdss_z0_05_0_12_primus_z0_2_1_0_
lowenv0_5_highenv3_0_fidmasscomp11_0_10_5_lit_primuszerr-eps-converted-to.pdf>
Package pdftex.def Info: fig_qffit_cylr2_50000h35_thresh75_bin0_20_sdss_z0_05_0
_12_primus_z0_2_1_0_lowenv0_5_highenv3_0_fidmasscomp11_0_10_5_lit_primuszerr-ep
s-converted-to.pdf used on input line 979.
(pdftex.def)             Requested size: 375.8067pt x 375.80542pt.


LaTeX Warning: Float too large for page by 0.87201pt on input line 982.

[36 <./fig_envcount_cylr2_5h35_thresh75_sdss_z0_05_0_12_primus_z0_2_1_0_lowenv0
_5_highenv3_0_primuszerr_masslimit_edgecut_histogram.png>] [37 <./fig_smf_cylr2
_50000h35_thresh75_bin0_20_sdss_z0_05_0_12_primus_z0_2_1_0_2envbin_lowenv0_5_hi
ghenv3_0_lit_primuszerr-eps-converted-to.pdf>] [38 <./fig_qf_cylr2_50000h35_thr
esh75_bin0_20_sdss_z0_05_0_12_primus_z0_2_1_0_lowenv0_5_highenv3_0_lit_primusze
rr-eps-converted-to.pdf>] [39 <./fig_qffit_cylr2_50000h35_thresh75_bin0_20_sdss
_z0_05_0_12_primus_z0_2_1_0_lowenv0_5_highenv3_0_fidmasscomp11_0_10_5_lit_primu
szerr-eps-converted-to.pdf>] [40]
Package epstopdf Info: Source file: <fig_qffit_cylr2_50000h35_thresh75_bin0_20_
sdss_z0_05_0_12_primus_z0_2_1_0_lowenv0_5_highenv3_0_fidmass10_5_lit_primuszerr
_baldry_geha_iovino_kovac_peng_envthresh_kovacoffset.eps>
(epstopdf)                    date: 2014-12-12 16:17:19
(epstopdf)                    size: 56791 bytes
(epstopdf)             Output file: <fig_qffit_cylr2_50000h35_thresh75_bin0_20_
sdss_z0_05_0_12_primus_z0_2_1_0_lowenv0_5_highenv3_0_fidmass10_5_lit_primuszerr
_baldry_geha_iovino_kovac_peng_envthresh_kovacoffset-eps-converted-to.pdf>
(epstopdf)                    date: 2014-12-12 16:17:31
(epstopdf)                    size: 28846 bytes
(epstopdf)             Command: <epstopdf --outfile=fig_qffit_cylr2_50000h35_th
resh75_bin0_20_sdss_z0_05_0_12_primus_z0_2_1_0_lowenv0_5_highenv3_0_fidmass10_5
_lit_primuszerr_baldry_geha_iovino_kovac_peng_envthresh_kovacoffset-eps-convert
ed-to.pdf fig_qffit_cylr2_50000h35_thresh75_bin0_20_sdss_z0_05_0_12_primus_z0_2
_1_0_lowenv0_5_highenv3_0_fidmass10_5_lit_primuszerr_baldry_geha_iovino_kovac_p
eng_envthresh_kovacoffset.eps>
(epstopdf)             \includegraphics on input line 1017.
Package epstopdf Info: Output file is already uptodate.

<fig_qffit_cylr2_50000h35_thresh75_bin0_20_sdss_z0_05_0_12_primus_z0_2_1_0_lowe
nv0_5_highenv3_0_fidmass10_5_lit_primuszerr_baldry_geha_iovino_kovac_peng_envth
resh_kovacoffset-eps-converted-to.pdf, id=159, 606.265pt x 1192.455pt>
File: fig_qffit_cylr2_50000h35_thresh75_bin0_20_sdss_z0_05_0_12_primus_z0_2_1_0
_lowenv0_5_highenv3_0_fidmass10_5_lit_primuszerr_baldry_geha_iovino_kovac_peng_
envthresh_kovacoffset-eps-converted-to.pdf Graphic file (type pdf)

<use fig_qffit_cylr2_50000h35_thresh75_bin0_20_sdss_z0_05_0_12_primus_z0_2_1_0_
lowenv0_5_highenv3_0_fidmass10_5_lit_primuszerr_baldry_geha_iovino_kovac_peng_e
nvthresh_kovacoffset-eps-converted-to.pdf>
Package pdftex.def Info: fig_qffit_cylr2_50000h35_thresh75_bin0_20_sdss_z0_05_0
_12_primus_z0_2_1_0_lowenv0_5_highenv3_0_fidmass10_5_lit_primuszerr_baldry_geha
_iovino_kovac_peng_envthresh_kovacoffset-eps-converted-to.pdf used on input lin
e 1017.
(pdftex.def)             Requested size: 238.82912pt x 469.75499pt.


Package natbib Warning: Citation `Baldry:2006aa' on page 41 undefined on input 
line 1018.


Package natbib Warning: Citation `geha12a' on page 41 undefined on input line 1
018.


Package natbib Warning: Citation `Iovino:2010aa' on page 41 undefined on input 
line 1018.


Package natbib Warning: Citation `Kovac:2014aa' on page 41 undefined on input l
ine 1018.


Package natbib Warning: Citation `Peng:2010aa' on page 41 undefined on input li
ne 1018.


Package natbib Warning: Citation `Iovino:2010aa' on page 41 undefined on input 
line 1018.


Package natbib Warning: Citation `Kovac:2014aa' on page 41 undefined on input l
ine 1018.


Package natbib Warning: Citation `Baldry:2006aa' on page 41 undefined on input 
line 1018.


Package natbib Warning: Citation `Peng:2010aa' on page 41 undefined on input li
ne 1018.


Package natbib Warning: Citation `geha12a' on page 41 undefined on input line 1
018.


Package natbib Warning: Citation `Iovino:2010aa' on page 41 undefined on input 
line 1018.


Package natbib Warning: Citation `Kovac:2014aa' on page 41 undefined on input l
ine 1018.


Package natbib Warning: There were undefined citations.

[41 <./fig_qffit_cylr2_50000h35_thresh75_bin0_20_sdss_z0_05_0_12_primus_z0_2_1_
0_lowenv0_5_highenv3_0_fidmass10_5_lit_primuszerr_baldry_geha_iovino_kovac_peng
_envthresh_kovacoffset-eps-converted-to.pdf>] (./qf_env_apj.aux) ) 
Here is how much of TeX's memory you used:
 3687 strings out of 493315
 51112 string characters out of 6137904
 110259 words of memory out of 5000000
 7060 multiletter control sequences out of 15000+600000
 14393 words of font info for 60 fonts, out of 8000000 for 9000
 957 hyphenation exceptions out of 8191
 38i,11n,28p,1777b,283s stack positions out of 5000i,500n,10000p,200000b,80000s
{/usr/local/t
exlive/2013/texmf-dist/fonts/enc/dvips/base/8r.enc}</usr/local/texlive/2013/tex
mf-dist/fonts/type1/public/amsfonts/cm/cmbx12.pfb></usr/local/texlive/2013/texm
f-dist/fonts/type1/public/amsfonts/cm/cmex10.pfb></usr/local/texlive/2013/texmf
-dist/fonts/type1/public/amsfonts/cm/cmmi10.pfb></usr/local/texlive/2013/texmf-
dist/fonts/type1/public/amsfonts/cm/cmmi12.pfb></usr/local/texlive/2013/texmf-d
ist/fonts/type1/public/amsfonts/cm/cmmi7.pfb></usr/local/texlive/2013/texmf-dis
t/fonts/type1/public/amsfonts/cm/cmmi8.pfb></usr/local/texlive/2013/texmf-dist/
fonts/type1/public/amsfonts/cm/cmr10.pfb></usr/local/texlive/2013/texmf-dist/fo
nts/type1/public/amsfonts/cm/cmr12.pfb></usr/local/texlive/2013/texmf-dist/font
s/type1/public/amsfonts/cm/cmr7.pfb></usr/local/texlive/2013/texmf-dist/fonts/t
ype1/public/amsfonts/cm/cmr8.pfb></usr/local/texlive/2013/texmf-dist/fonts/type
1/public/amsfonts/cm/cmsy10.pfb></usr/local/texlive/2013/texmf-dist/fonts/type1
/public/amsfonts/cm/cmsy7.pfb></usr/local/texlive/2013/texmf-dist/fonts/type1/p
ublic/amsfonts/cm/cmsy8.pfb></usr/local/texlive/2013/texmf-dist/fonts/type1/pub
lic/amsfonts/cm/cmti10.pfb></usr/local/texlive/2013/texmf-dist/fonts/type1/publ
ic/amsfonts/cm/cmti12.pfb></usr/local/texlive/2013/texmf-dist/fonts/type1/urw/c
ourier/ucrr8a.pfb>
Output written on qf_env_apj.pdf (41 pages, 534356 bytes).
PDF statistics:
 220 PDF objects out of 1000 (max. 8388607)
 151 compressed objects within 2 object streams
 0 named destinations out of 1000 (max. 500000)
 31 words of extra memory for PDF output out of 10000 (max. 10000000)

